<?xml version="1.0" encoding="UTF-8" standalone="no"?>
<!DOCTYPE report PUBLIC "-//JACOCO//DTD Report 1.1//EN" "report.dtd"[]>
<report name="Pester (03/27/2026 13:48:25)">
  <sessioninfo id="this" start="1774619301551" dump="1774619305442" />
  <package name="GitHub">
    <class name="GitHub/Get-UnresolvedPRComments" sourcefilename="Get-UnresolvedPRComments.ps1">
      <method name="&lt;script&gt;" desc="()" line="92">
        <counter type="INSTRUCTION" missed="3" covered="3" />
        <counter type="LINE" missed="3" covered="3" />
        <counter type="METHOD" missed="0" covered="1" />
      </method>
      <method name="Redact-SensitiveText" desc="()" line="105">
        <counter type="INSTRUCTION" missed="0" covered="9" />
        <counter type="LINE" missed="0" covered="9" />
        <counter type="METHOD" missed="0" covered="1" />
      </method>
      <method name="Get-HttpStatusCode" desc="()" line="130">
        <counter type="INSTRUCTION" missed="3" covered="3" />
        <counter type="LINE" missed="3" covered="3" />
        <counter type="METHOD" missed="0" covered="1" />
      </method>
      <method name="Get-ResponseHeaders" desc="()" line="150">
        <counter type="INSTRUCTION" missed="2" covered="2" />
        <counter type="LINE" missed="2" covered="2" />
        <counter type="METHOD" missed="0" covered="1" />
      </method>
      <method name="Get-HeaderValue" desc="()" line="169">
        <counter type="INSTRUCTION" missed="7" covered="6" />
        <counter type="LINE" missed="7" covered="5" />
        <counter type="METHOD" missed="0" covered="1" />
      </method>
      <method name="Parse-GitHubPullRequestUrl" desc="()" line="201">
        <counter type="INSTRUCTION" missed="0" covered="14" />
        <counter type="LINE" missed="0" covered="13" />
        <counter type="METHOD" missed="0" covered="1" />
      </method>
      <method name="Test-GitHubHostAllowed" desc="()" line="229">
        <counter type="INSTRUCTION" missed="0" covered="8" />
        <counter type="LINE" missed="0" covered="8" />
        <counter type="METHOD" missed="0" covered="1" />
      </method>
      <method name="Resolve-GitHubGraphQLEndpoint" desc="()" line="252">
        <counter type="INSTRUCTION" missed="0" covered="3" />
        <counter type="LINE" missed="0" covered="3" />
        <counter type="METHOD" missed="0" covered="1" />
      </method>
      <method name="Get-GitHubHeaders" desc="()" line="266">
        <counter type="INSTRUCTION" missed="6" covered="0" />
        <counter type="LINE" missed="6" covered="0" />
        <counter type="METHOD" missed="1" covered="0" />
      </method>
      <method name="Normalize-CommentText" desc="()" line="290">
        <counter type="INSTRUCTION" missed="3" covered="6" />
        <counter type="LINE" missed="2" covered="4" />
        <counter type="METHOD" missed="0" covered="1" />
      </method>
      <method name="Get-AuthToken" desc="()" line="315">
        <counter type="INSTRUCTION" missed="16" covered="6" />
        <counter type="LINE" missed="16" covered="6" />
        <counter type="METHOD" missed="0" covered="1" />
      </method>
      <method name="Invoke-GitHubRequestWithRetry" desc="()" line="392">
        <counter type="INSTRUCTION" missed="15" covered="27" />
        <counter type="LINE" missed="11" covered="23" />
        <counter type="METHOD" missed="0" covered="1" />
      </method>
      <method name="Get-OpenPullRequests" desc="()" line="479">
        <counter type="INSTRUCTION" missed="3" covered="6" />
        <counter type="LINE" missed="1" covered="5" />
        <counter type="METHOD" missed="0" covered="1" />
      </method>
      <method name="Validate-GitHubTokenForRepoAccess" desc="()" line="515">
        <counter type="INSTRUCTION" missed="3" covered="29" />
        <counter type="LINE" missed="2" covered="22" />
        <counter type="METHOD" missed="0" covered="1" />
      </method>
      <method name="Select-PullRequestInteractively" desc="()" line="577">
        <counter type="INSTRUCTION" missed="12" covered="31" />
        <counter type="LINE" missed="9" covered="30" />
        <counter type="METHOD" missed="0" covered="1" />
      </method>
      <method name="Convert-ReviewThreadToOutputRecord" desc="()" line="661">
        <counter type="INSTRUCTION" missed="8" covered="29" />
        <counter type="LINE" missed="1" covered="20" />
        <counter type="METHOD" missed="0" covered="1" />
      </method>
      <method name="Format-UnresolvedThreadsAsText" desc="()" line="699">
        <counter type="INSTRUCTION" missed="3" covered="18" />
        <counter type="LINE" missed="1" covered="13" />
        <counter type="METHOD" missed="0" covered="1" />
      </method>
      <method name="Format-UnresolvedThreadsAsJson" desc="()" line="730">
        <counter type="INSTRUCTION" missed="3" covered="0" />
        <counter type="LINE" missed="1" covered="0" />
        <counter type="METHOD" missed="1" covered="0" />
      </method>
      <method name="Get-UnresolvedReviewThreads" desc="()" line="770">
        <counter type="INSTRUCTION" missed="4" covered="47" />
        <counter type="LINE" missed="4" covered="42" />
        <counter type="METHOD" missed="0" covered="1" />
      </method>
      <method name="Resolve-PullRequestTarget" desc="()" line="923">
        <counter type="INSTRUCTION" missed="7" covered="19" />
        <counter type="LINE" missed="7" covered="17" />
        <counter type="METHOD" missed="0" covered="1" />
      </method>
      <method name="Invoke-Main" desc="()" line="969">
        <counter type="INSTRUCTION" missed="31" covered="0" />
        <counter type="LINE" missed="27" covered="0" />
        <counter type="METHOD" missed="1" covered="0" />
      </method>
      <counter type="INSTRUCTION" missed="129" covered="266" />
      <counter type="LINE" missed="103" covered="228" />
      <counter type="METHOD" missed="3" covered="18" />
      <counter type="CLASS" missed="0" covered="1" />
    </class>
    <sourcefile name="Get-UnresolvedPRComments.ps1">
      <line nr="92" mi="0" ci="1" mb="0" cb="0" />
      <line nr="93" mi="0" ci="1" mb="0" cb="0" />
      <line nr="105" mi="0" ci="1" mb="0" cb="0" />
      <line nr="106" mi="0" ci="1" mb="0" cb="0" />
      <line nr="107" mi="0" ci="1" mb="0" cb="0" />
      <line nr="111" mi="0" ci="1" mb="0" cb="0" />
      <line nr="112" mi="0" ci="1" mb="0" cb="0" />
      <line nr="116" mi="0" ci="1" mb="0" cb="0" />
      <line nr="117" mi="0" ci="1" mb="0" cb="0" />
      <line nr="118" mi="0" ci="1" mb="0" cb="0" />
      <line nr="120" mi="0" ci="1" mb="0" cb="0" />
      <line nr="130" mi="0" ci="1" mb="0" cb="0" />
      <line nr="131" mi="1" ci="0" mb="0" cb="0" />
      <line nr="132" mi="1" ci="0" mb="0" cb="0" />
      <line nr="136" mi="0" ci="1" mb="0" cb="0" />
      <line nr="137" mi="1" ci="0" mb="0" cb="0" />
      <line nr="140" mi="0" ci="1" mb="0" cb="0" />
      <line nr="150" mi="0" ci="1" mb="0" cb="0" />
      <line nr="151" mi="1" ci="0" mb="0" cb="0" />
      <line nr="152" mi="1" ci="0" mb="0" cb="0" />
      <line nr="156" mi="0" ci="1" mb="0" cb="0" />
      <line nr="169" mi="0" ci="1" mb="0" cb="0" />
      <line nr="170" mi="1" ci="0" mb="0" cb="0" />
      <line nr="173" mi="0" ci="2" mb="0" cb="0" />
      <line nr="174" mi="0" ci="1" mb="0" cb="0" />
      <line nr="175" mi="0" ci="1" mb="0" cb="0" />
      <line nr="176" mi="0" ci="1" mb="0" cb="0" />
      <line nr="179" mi="1" ci="0" mb="0" cb="0" />
      <line nr="180" mi="1" ci="0" mb="0" cb="0" />
      <line nr="185" mi="1" ci="0" mb="0" cb="0" />
      <line nr="186" mi="1" ci="0" mb="0" cb="0" />
      <line nr="187" mi="1" ci="0" mb="0" cb="0" />
      <line nr="191" mi="1" ci="0" mb="0" cb="0" />
      <line nr="201" mi="0" ci="1" mb="0" cb="0" />
      <line nr="202" mi="0" ci="1" mb="0" cb="0" />
      <line nr="204" mi="0" ci="1" mb="0" cb="0" />
      <line nr="205" mi="0" ci="1" mb="0" cb="0" />
      <line nr="206" mi="0" ci="1" mb="0" cb="0" />
      <line nr="209" mi="0" ci="1" mb="0" cb="0" />
      <line nr="210" mi="0" ci="2" mb="0" cb="0" />
      <line nr="211" mi="0" ci="1" mb="0" cb="0" />
      <line nr="214" mi="0" ci="1" mb="0" cb="0" />
      <line nr="215" mi="0" ci="1" mb="0" cb="0" />
      <line nr="216" mi="0" ci="1" mb="0" cb="0" />
      <line nr="217" mi="0" ci="1" mb="0" cb="0" />
      <line nr="218" mi="0" ci="1" mb="0" cb="0" />
      <line nr="229" mi="0" ci="1" mb="0" cb="0" />
      <line nr="230" mi="0" ci="1" mb="0" cb="0" />
      <line nr="231" mi="0" ci="1" mb="0" cb="0" />
      <line nr="234" mi="0" ci="1" mb="0" cb="0" />
      <line nr="235" mi="0" ci="1" mb="0" cb="0" />
      <line nr="238" mi="0" ci="1" mb="0" cb="0" />
      <line nr="239" mi="0" ci="1" mb="0" cb="0" />
      <line nr="242" mi="0" ci="1" mb="0" cb="0" />
      <line nr="252" mi="0" ci="1" mb="0" cb="0" />
      <line nr="253" mi="0" ci="1" mb="0" cb="0" />
      <line nr="256" mi="0" ci="1" mb="0" cb="0" />
      <line nr="266" mi="1" ci="0" mb="0" cb="0" />
      <line nr="267" mi="1" ci="0" mb="0" cb="0" />
      <line nr="268" mi="1" ci="0" mb="0" cb="0" />
      <line nr="271" mi="1" ci="0" mb="0" cb="0" />
      <line nr="272" mi="1" ci="0" mb="0" cb="0" />
      <line nr="275" mi="1" ci="0" mb="0" cb="0" />
      <line nr="290" mi="0" ci="1" mb="0" cb="0" />
      <line nr="291" mi="1" ci="0" mb="0" cb="0" />
      <line nr="294" mi="0" ci="3" mb="0" cb="0" />
      <line nr="295" mi="0" ci="1" mb="0" cb="0" />
      <line nr="296" mi="0" ci="1" mb="0" cb="0" />
      <line nr="299" mi="2" ci="0" mb="0" cb="0" />
      <line nr="315" mi="0" ci="1" mb="0" cb="0" />
      <line nr="316" mi="0" ci="1" mb="0" cb="0" />
      <line nr="319" mi="0" ci="1" mb="0" cb="0" />
      <line nr="320" mi="0" ci="1" mb="0" cb="0" />
      <line nr="323" mi="0" ci="1" mb="0" cb="0" />
      <line nr="324" mi="0" ci="1" mb="0" cb="0" />
      <line nr="327" mi="1" ci="0" mb="0" cb="0" />
      <line nr="328" mi="1" ci="0" mb="0" cb="0" />
      <line nr="329" mi="1" ci="0" mb="0" cb="0" />
      <line nr="333" mi="1" ci="0" mb="0" cb="0" />
      <line nr="334" mi="1" ci="0" mb="0" cb="0" />
      <line nr="335" mi="1" ci="0" mb="0" cb="0" />
      <line nr="341" mi="1" ci="0" mb="0" cb="0" />
      <line nr="342" mi="1" ci="0" mb="0" cb="0" />
      <line nr="345" mi="1" ci="0" mb="0" cb="0" />
      <line nr="346" mi="1" ci="0" mb="0" cb="0" />
      <line nr="347" mi="1" ci="0" mb="0" cb="0" />
      <line nr="348" mi="1" ci="0" mb="0" cb="0" />
      <line nr="351" mi="1" ci="0" mb="0" cb="0" />
      <line nr="352" mi="1" ci="0" mb="0" cb="0" />
      <line nr="353" mi="1" ci="0" mb="0" cb="0" />
      <line nr="356" mi="1" ci="0" mb="0" cb="0" />
      <line nr="392" mi="0" ci="1" mb="0" cb="0" />
      <line nr="394" mi="0" ci="1" mb="0" cb="0" />
      <line nr="395" mi="0" ci="1" mb="0" cb="0" />
      <line nr="397" mi="0" ci="1" mb="0" cb="0" />
      <line nr="398" mi="1" ci="0" mb="0" cb="0" />
      <line nr="402" mi="0" ci="1" mb="0" cb="0" />
      <line nr="403" mi="0" ci="1" mb="0" cb="0" />
      <line nr="406" mi="4" ci="0" mb="0" cb="0" />
      <line nr="407" mi="1" ci="0" mb="0" cb="0" />
      <line nr="409" mi="0" ci="1" mb="0" cb="0" />
      <line nr="410" mi="0" ci="1" mb="0" cb="0" />
      <line nr="412" mi="0" ci="2" mb="0" cb="0" />
      <line nr="413" mi="0" ci="1" mb="0" cb="0" />
      <line nr="414" mi="0" ci="1" mb="0" cb="0" />
      <line nr="415" mi="0" ci="1" mb="0" cb="0" />
      <line nr="416" mi="0" ci="1" mb="0" cb="0" />
      <line nr="417" mi="1" ci="0" mb="0" cb="0" />
      <line nr="420" mi="0" ci="1" mb="0" cb="0" />
      <line nr="421" mi="0" ci="1" mb="0" cb="0" />
      <line nr="422" mi="0" ci="1" mb="0" cb="0" />
      <line nr="425" mi="2" ci="0" mb="0" cb="0" />
      <line nr="426" mi="1" ci="0" mb="0" cb="0" />
      <line nr="431" mi="0" ci="2" mb="0" cb="0" />
      <line nr="432" mi="0" ci="1" mb="0" cb="0" />
      <line nr="433" mi="0" ci="1" mb="0" cb="0" />
      <line nr="434" mi="0" ci="3" mb="0" cb="0" />
      <line nr="438" mi="0" ci="1" mb="0" cb="0" />
      <line nr="439" mi="0" ci="1" mb="0" cb="0" />
      <line nr="440" mi="0" ci="1" mb="0" cb="0" />
      <line nr="442" mi="1" ci="0" mb="0" cb="0" />
      <line nr="443" mi="1" ci="0" mb="0" cb="0" />
      <line nr="445" mi="1" ci="0" mb="0" cb="0" />
      <line nr="446" mi="1" ci="0" mb="0" cb="0" />
      <line nr="449" mi="1" ci="0" mb="0" cb="0" />
      <line nr="479" mi="1" ci="2" mb="0" cb="0" />
      <line nr="480" mi="0" ci="1" mb="0" cb="0" />
      <line nr="482" mi="0" ci="1" mb="0" cb="0" />
      <line nr="483" mi="0" ci="1" mb="0" cb="0" />
      <line nr="484" mi="0" ci="1" mb="0" cb="0" />
      <line nr="487" mi="2" ci="0" mb="0" cb="0" />
      <line nr="515" mi="1" ci="2" mb="0" cb="0" />
      <line nr="516" mi="0" ci="1" mb="0" cb="0" />
      <line nr="519" mi="0" ci="1" mb="0" cb="0" />
      <line nr="520" mi="0" ci="1" mb="0" cb="0" />
      <line nr="521" mi="0" ci="1" mb="0" cb="0" />
      <line nr="522" mi="0" ci="2" mb="0" cb="0" />
      <line nr="525" mi="0" ci="1" mb="0" cb="0" />
      <line nr="526" mi="0" ci="1" mb="0" cb="0" />
      <line nr="527" mi="0" ci="1" mb="0" cb="0" />
      <line nr="528" mi="1" ci="0" mb="0" cb="0" />
      <line nr="531" mi="0" ci="1" mb="0" cb="0" />
      <line nr="532" mi="0" ci="2" mb="0" cb="0" />
      <line nr="533" mi="0" ci="1" mb="0" cb="0" />
      <line nr="534" mi="0" ci="1" mb="0" cb="0" />
      <line nr="535" mi="0" ci="1" mb="0" cb="0" />
      <line nr="539" mi="0" ci="1" mb="0" cb="0" />
      <line nr="540" mi="0" ci="1" mb="0" cb="0" />
      <line nr="541" mi="0" ci="1" mb="0" cb="0" />
      <line nr="544" mi="0" ci="2" mb="0" cb="0" />
      <line nr="545" mi="0" ci="1" mb="0" cb="0" />
      <line nr="548" mi="0" ci="4" mb="0" cb="0" />
      <line nr="549" mi="1" ci="0" mb="0" cb="0" />
      <line nr="553" mi="0" ci="1" mb="0" cb="0" />
      <line nr="554" mi="0" ci="1" mb="0" cb="0" />
      <line nr="577" mi="0" ci="1" mb="0" cb="0" />
      <line nr="578" mi="0" ci="1" mb="0" cb="0" />
      <line nr="579" mi="1" ci="0" mb="0" cb="0" />
      <line nr="582" mi="0" ci="1" mb="0" cb="0" />
      <line nr="583" mi="0" ci="1" mb="0" cb="0" />
      <line nr="584" mi="1" ci="0" mb="0" cb="0" />
      <line nr="587" mi="0" ci="1" mb="0" cb="0" />
      <line nr="588" mi="0" ci="1" mb="0" cb="0" />
      <line nr="590" mi="0" ci="1" mb="0" cb="0" />
      <line nr="591" mi="1" ci="0" mb="0" cb="0" />
      <line nr="594" mi="0" ci="1" mb="0" cb="0" />
      <line nr="595" mi="1" ci="0" mb="0" cb="0" />
      <line nr="598" mi="0" ci="1" mb="0" cb="0" />
      <line nr="599" mi="0" ci="1" mb="0" cb="0" />
      <line nr="600" mi="1" ci="0" mb="0" cb="0" />
      <line nr="603" mi="0" ci="1" mb="0" cb="0" />
      <line nr="604" mi="0" ci="1" mb="0" cb="0" />
      <line nr="605" mi="0" ci="1" mb="0" cb="0" />
      <line nr="606" mi="0" ci="1" mb="0" cb="0" />
      <line nr="607" mi="0" ci="2" mb="0" cb="0" />
      <line nr="608" mi="0" ci="1" mb="0" cb="0" />
      <line nr="611" mi="0" ci="1" mb="0" cb="0" />
      <line nr="612" mi="0" ci="1" mb="0" cb="0" />
      <line nr="613" mi="1" ci="0" mb="0" cb="0" />
      <line nr="616" mi="0" ci="1" mb="0" cb="0" />
      <line nr="617" mi="1" ci="0" mb="0" cb="0" />
      <line nr="620" mi="0" ci="1" mb="0" cb="0" />
      <line nr="621" mi="0" ci="1" mb="0" cb="0" />
      <line nr="622" mi="0" ci="1" mb="0" cb="0" />
      <line nr="623" mi="0" ci="1" mb="0" cb="0" />
      <line nr="624" mi="0" ci="1" mb="0" cb="0" />
      <line nr="626" mi="4" ci="0" mb="0" cb="0" />
      <line nr="630" mi="0" ci="1" mb="0" cb="0" />
      <line nr="631" mi="1" ci="0" mb="0" cb="0" />
      <line nr="634" mi="0" ci="1" mb="0" cb="0" />
      <line nr="635" mi="0" ci="1" mb="0" cb="0" />
      <line nr="636" mi="0" ci="1" mb="0" cb="0" />
      <line nr="637" mi="0" ci="1" mb="0" cb="0" />
      <line nr="638" mi="0" ci="1" mb="0" cb="0" />
      <line nr="661" mi="0" ci="1" mb="0" cb="0" />
      <line nr="662" mi="0" ci="1" mb="0" cb="0" />
      <line nr="665" mi="0" ci="1" mb="0" cb="0" />
      <line nr="666" mi="1" ci="0" mb="0" cb="0" />
      <line nr="669" mi="0" ci="2" mb="0" cb="0" />
      <line nr="670" mi="0" ci="1" mb="0" cb="0" />
      <line nr="671" mi="0" ci="3" mb="0" cb="0" />
      <line nr="673" mi="3" ci="2" mb="0" cb="0" />
      <line nr="674" mi="3" ci="2" mb="0" cb="0" />
      <line nr="676" mi="1" ci="3" mb="0" cb="0" />
      <line nr="678" mi="0" ci="1" mb="0" cb="0" />
      <line nr="679" mi="0" ci="1" mb="0" cb="0" />
      <line nr="680" mi="0" ci="1" mb="0" cb="0" />
      <line nr="681" mi="0" ci="1" mb="0" cb="0" />
      <line nr="682" mi="0" ci="1" mb="0" cb="0" />
      <line nr="683" mi="0" ci="3" mb="0" cb="0" />
      <line nr="684" mi="0" ci="1" mb="0" cb="0" />
      <line nr="685" mi="0" ci="1" mb="0" cb="0" />
      <line nr="686" mi="0" ci="1" mb="0" cb="0" />
      <line nr="687" mi="0" ci="1" mb="0" cb="0" />
      <line nr="688" mi="0" ci="1" mb="0" cb="0" />
      <line nr="699" mi="0" ci="1" mb="0" cb="0" />
      <line nr="701" mi="0" ci="1" mb="0" cb="0" />
      <line nr="702" mi="1" ci="2" mb="0" cb="0" />
      <line nr="703" mi="1" ci="2" mb="0" cb="0" />
      <line nr="705" mi="0" ci="1" mb="0" cb="0" />
      <line nr="706" mi="0" ci="2" mb="0" cb="0" />
      <line nr="707" mi="0" ci="1" mb="0" cb="0" />
      <line nr="708" mi="0" ci="1" mb="0" cb="0" />
      <line nr="709" mi="0" ci="1" mb="0" cb="0" />
      <line nr="711" mi="0" ci="2" mb="0" cb="0" />
      <line nr="713" mi="0" ci="1" mb="0" cb="0" />
      <line nr="716" mi="0" ci="1" mb="0" cb="0" />
      <line nr="717" mi="1" ci="0" mb="0" cb="0" />
      <line nr="720" mi="0" ci="2" mb="0" cb="0" />
      <line nr="730" mi="3" ci="0" mb="0" cb="0" />
      <line nr="770" mi="0" ci="1" mb="0" cb="0" />
      <line nr="808" mi="0" ci="1" mb="0" cb="0" />
      <line nr="809" mi="0" ci="1" mb="0" cb="0" />
      <line nr="810" mi="0" ci="1" mb="0" cb="0" />
      <line nr="811" mi="0" ci="1" mb="0" cb="0" />
      <line nr="813" mi="0" ci="1" mb="0" cb="0" />
      <line nr="814" mi="0" ci="1" mb="0" cb="0" />
      <line nr="816" mi="0" ci="1" mb="0" cb="0" />
      <line nr="817" mi="0" ci="1" mb="0" cb="0" />
      <line nr="818" mi="0" ci="1" mb="0" cb="0" />
      <line nr="819" mi="0" ci="1" mb="0" cb="0" />
      <line nr="820" mi="0" ci="1" mb="0" cb="0" />
      <line nr="821" mi="0" ci="1" mb="0" cb="0" />
      <line nr="824" mi="0" ci="1" mb="0" cb="0" />
      <line nr="825" mi="0" ci="1" mb="0" cb="0" />
      <line nr="826" mi="0" ci="1" mb="0" cb="0" />
      <line nr="829" mi="0" ci="1" mb="0" cb="0" />
      <line nr="831" mi="0" ci="1" mb="0" cb="0" />
      <line nr="832" mi="0" ci="1" mb="0" cb="0" />
      <line nr="833" mi="0" ci="1" mb="0" cb="0" />
      <line nr="834" mi="0" ci="1" mb="0" cb="0" />
      <line nr="836" mi="1" ci="0" mb="0" cb="0" />
      <line nr="837" mi="1" ci="0" mb="0" cb="0" />
      <line nr="840" mi="0" ci="2" mb="0" cb="0" />
      <line nr="841" mi="0" ci="3" mb="0" cb="0" />
      <line nr="842" mi="0" ci="1" mb="0" cb="0" />
      <line nr="843" mi="0" ci="1" mb="0" cb="0" />
      <line nr="846" mi="0" ci="1" mb="0" cb="0" />
      <line nr="847" mi="1" ci="0" mb="0" cb="0" />
      <line nr="850" mi="0" ci="1" mb="0" cb="0" />
      <line nr="851" mi="0" ci="1" mb="0" cb="0" />
      <line nr="855" mi="0" ci="2" mb="0" cb="0" />
      <line nr="856" mi="0" ci="1" mb="0" cb="0" />
      <line nr="857" mi="0" ci="1" mb="0" cb="0" />
      <line nr="861" mi="0" ci="1" mb="0" cb="0" />
      <line nr="865" mi="0" ci="2" mb="0" cb="0" />
      <line nr="866" mi="0" ci="1" mb="0" cb="0" />
      <line nr="867" mi="0" ci="1" mb="0" cb="0" />
      <line nr="868" mi="0" ci="1" mb="0" cb="0" />
      <line nr="872" mi="0" ci="1" mb="0" cb="0" />
      <line nr="873" mi="0" ci="1" mb="0" cb="0" />
      <line nr="875" mi="0" ci="1" mb="0" cb="0" />
      <line nr="879" mi="0" ci="1" mb="0" cb="0" />
      <line nr="880" mi="1" ci="0" mb="0" cb="0" />
      <line nr="883" mi="0" ci="1" mb="0" cb="0" />
      <line nr="886" mi="0" ci="1" mb="0" cb="0" />
      <line nr="923" mi="0" ci="1" mb="0" cb="0" />
      <line nr="924" mi="1" ci="0" mb="0" cb="0" />
      <line nr="927" mi="0" ci="1" mb="0" cb="0" />
      <line nr="928" mi="0" ci="1" mb="0" cb="0" />
      <line nr="929" mi="0" ci="1" mb="0" cb="0" />
      <line nr="930" mi="1" ci="0" mb="0" cb="0" />
      <line nr="932" mi="0" ci="2" mb="0" cb="0" />
      <line nr="933" mi="1" ci="0" mb="0" cb="0" />
      <line nr="936" mi="0" ci="1" mb="0" cb="0" />
      <line nr="937" mi="0" ci="1" mb="0" cb="0" />
      <line nr="938" mi="0" ci="1" mb="0" cb="0" />
      <line nr="939" mi="0" ci="1" mb="0" cb="0" />
      <line nr="940" mi="0" ci="1" mb="0" cb="0" />
      <line nr="944" mi="0" ci="1" mb="0" cb="0" />
      <line nr="945" mi="0" ci="1" mb="0" cb="0" />
      <line nr="946" mi="0" ci="1" mb="0" cb="0" />
      <line nr="947" mi="1" ci="0" mb="0" cb="0" />
      <line nr="950" mi="0" ci="1" mb="0" cb="0" />
      <line nr="951" mi="0" ci="1" mb="0" cb="0" />
      <line nr="952" mi="1" ci="0" mb="0" cb="0" />
      <line nr="955" mi="0" ci="2" mb="0" cb="0" />
      <line nr="956" mi="0" ci="1" mb="0" cb="0" />
      <line nr="959" mi="1" ci="0" mb="0" cb="0" />
      <line nr="962" mi="1" ci="0" mb="0" cb="0" />
      <line nr="969" mi="1" ci="0" mb="0" cb="0" />
      <line nr="970" mi="1" ci="0" mb="0" cb="0" />
      <line nr="973" mi="1" ci="0" mb="0" cb="0" />
      <line nr="975" mi="1" ci="0" mb="0" cb="0" />
      <line nr="976" mi="1" ci="0" mb="0" cb="0" />
      <line nr="980" mi="1" ci="0" mb="0" cb="0" />
      <line nr="981" mi="1" ci="0" mb="0" cb="0" />
      <line nr="982" mi="1" ci="0" mb="0" cb="0" />
      <line nr="983" mi="1" ci="0" mb="0" cb="0" />
      <line nr="986" mi="1" ci="0" mb="0" cb="0" />
      <line nr="988" mi="1" ci="0" mb="0" cb="0" />
      <line nr="989" mi="1" ci="0" mb="0" cb="0" />
      <line nr="992" mi="1" ci="0" mb="0" cb="0" />
      <line nr="995" mi="1" ci="0" mb="0" cb="0" />
      <line nr="997" mi="1" ci="0" mb="0" cb="0" />
      <line nr="1000" mi="2" ci="0" mb="0" cb="0" />
      <line nr="1001" mi="1" ci="0" mb="0" cb="0" />
      <line nr="1002" mi="1" ci="0" mb="0" cb="0" />
      <line nr="1003" mi="1" ci="0" mb="0" cb="0" />
      <line nr="1004" mi="2" ci="0" mb="0" cb="0" />
      <line nr="1005" mi="1" ci="0" mb="0" cb="0" />
      <line nr="1006" mi="1" ci="0" mb="0" cb="0" />
      <line nr="1008" mi="1" ci="0" mb="0" cb="0" />
      <line nr="1011" mi="1" ci="0" mb="0" cb="0" />
      <line nr="1015" mi="1" ci="0" mb="0" cb="0" />
      <line nr="1016" mi="2" ci="0" mb="0" cb="0" />
      <line nr="1018" mi="2" ci="0" mb="0" cb="0" />
      <line nr="1023" mi="0" ci="1" mb="0" cb="0" />
      <line nr="1025" mi="1" ci="0" mb="0" cb="0" />
      <line nr="1027" mi="1" ci="0" mb="0" cb="0" />
      <line nr="1028" mi="1" ci="0" mb="0" cb="0" />
      <counter type="INSTRUCTION" missed="129" covered="266" />
      <counter type="LINE" missed="103" covered="228" />
      <counter type="METHOD" missed="3" covered="18" />
      <counter type="CLASS" missed="0" covered="1" />
    </sourcefile>
    <counter type="INSTRUCTION" missed="129" covered="266" />
    <counter type="LINE" missed="103" covered="228" />
    <counter type="METHOD" missed="3" covered="18" />
    <counter type="CLASS" missed="0" covered="1" />
  </package>
  <counter type="INSTRUCTION" missed="129" covered="266" />
  <counter type="LINE" missed="103" covered="228" />
  <counter type="METHOD" missed="3" covered="18" />
  <counter type="CLASS" missed="0" covered="1" />
</report>
